<?xml version="1.0" encoding="UTF-8"?>
<testng-results ignored="0" total="2" passed="2" failed="0" skipped="0">
  <reporter-output>
  </reporter-output>
  <suite started-at="2022-02-01T10:03:04Z" name="Default suite" finished-at="2022-02-01T10:03:04Z" duration-ms="114">
    <groups>
      <group name="regressionTest">
        <method signature="OrganizationTest.modifyOrgTest()[pri:0, instance:com.crm.Organization.OrganizationTest@1672fe87]" name="modifyOrgTest" class="com.crm.Organization.OrganizationTest"/>
      </group> <!-- regressionTest -->
      <group name="smokeTest">
        <method signature="OrganizationTest.createOrgTest()[pri:0, instance:com.crm.Organization.OrganizationTest@1672fe87]" name="createOrgTest" class="com.crm.Organization.OrganizationTest"/>
      </group> <!-- smokeTest -->
    </groups>
    <test started-at="2022-02-01T10:03:04Z" name="Default test" finished-at="2022-02-01T10:03:04Z" duration-ms="114">
      <class name="com.crm.Organization.OrganizationTest">
        <test-method signature="createOrgTest()[pri:0, instance:com.crm.Organization.OrganizationTest@1672fe87]" started-at="2022-02-01T10:03:04Z" name="createOrgTest" finished-at="2022-02-01T10:03:04Z" duration-ms="31" status="PASS">
          <reporter-output>
          </reporter-output>
        </test-method> <!-- createOrgTest -->
        <test-method signature="modifyOrgTest()[pri:0, instance:com.crm.Organization.OrganizationTest@1672fe87]" started-at="2022-02-01T10:03:04Z" name="modifyOrgTest" finished-at="2022-02-01T10:03:04Z" duration-ms="4" status="PASS">
          <reporter-output>
          </reporter-output>
        </test-method> <!-- modifyOrgTest -->
      </class> <!-- com.crm.Organization.OrganizationTest -->
    </test> <!-- Default test -->
  </suite> <!-- Default suite -->
</testng-results>
